
> task-tracker-ui@0.0.0 start
> ng serve

[33m>[39m Building...
[32m√[39m Building...
[1mInitial chunk files[22m[2m | [22m[1mNames[22m              [2m | [22m[1mRaw size[22m
[32mstyles.css[39m         [2m | [22m[2mstyles[22m             [2m | [22m [36m6.31 kB[39m[2m | [22m
[32mmain.js[39m            [2m | [22m[2mmain[22m               [2m | [22m [36m3.97 kB[39m[2m | [22m
[32mchunk-6OPE4BWT.js[39m  [2m | [22m[2m-[22m                  [2m | [22m [36m2.25 kB[39m[2m | [22m

[1m [22m                  [2m | [22m[1mInitial total[22m      [2m | [22m[1m12.53 kB[22m

[1mLazy chunk files[22m   [2m | [22m[1mNames[22m              [2m | [22m[1mRaw size[22m
[32mchunk-TQKNENWH.js[39m  [2m | [22m[2mdashboard-component[22m[2m | [22m[36m92.68 kB[39m[2m | [22m
[32mchunk-AJ2DK726.js[39m  [2m | [22m[2mdashboard-component[22m[2m | [22m[36m43.37 kB[39m[2m | [22m
[32mchunk-J6S5DP5V.js[39m  [2m | [22m[2mregister-component[22m [2m | [22m[36m19.89 kB[39m[2m | [22m
[32mchunk-7DRJSUBA.js[39m  [2m | [22m[2mlogin-component[22m    [2m | [22m[36m16.57 kB[39m[2m | [22m
[32mchunk-CBY4EMJO.js[39m  [2m | [22m[2m-[22m                  [2m | [22m [36m1.64 kB[39m[2m | [22m

Application bundle generation complete. [4.826 seconds] - 2026-03-23T07:44:52.850Z

Watch mode enabled. Watching for file changes...
NOTE: Raw file sizes do not reflect development server per-request transformations.
  [32m➜[39m  [1mLocal[22m:   [36mhttp://localhost:[1m4200[22m/[39m
[33m>[39m Changes detected. Rebuilding...
[32m√[39m Changes detected. Rebuilding...
[1mInitial chunk files[22m[2m | [22m[1mNames[22m[2m | [22m[1mRaw size[22m
[32mmain.js[39m            [2m | [22m[2mmain[22m [2m | [22m [36m4.08 kB[39m[2m | [22m

Application bundle generation complete. [1.867 seconds] - 2026-03-23T07:46:17.060Z

Page reload sent to client(s).
[2m1:16:23 pm[22m [36m[1m[vite][22m[39m [90m[2m(client)[22m[39m [32m✨ new dependencies optimized: [33m@angular/platform-browser/animations/async[32m[39m
[2m1:16:23 pm[22m [36m[1m[vite][22m[39m [90m[2m(client)[22m[39m [32m✨ optimized dependencies changed. reloading[39m
